TN:
SF:script/DeployEscrow.s.sol
FN:8,DeployEscrow.run
FNDA:39,DeployEscrow.run
DA:9,39
DA:9,39
DA:10,39
DA:10,39
DA:10,39
DA:11,39
DA:11,39
DA:12,39
DA:12,39
FNF:1
FNH:1
LF:4
LH:4
BRF:0
BRH:0
end_of_record
TN:
SF:script/HelperConfig.s.sol
FN:8,HelperConfig.deployERC20Mock
FNDA:39,HelperConfig.deployERC20Mock
DA:9,39
DA:9,39
DA:10,39
DA:10,39
DA:10,39
DA:11,39
DA:11,39
DA:12,39
DA:12,39
FNF:1
FNH:1
LF:4
LH:4
BRF:0
BRH:0
end_of_record
TN:
SF:src/Escrow.sol
FN:76,Escrow.createAgreement
FNDA:36,Escrow.createAgreement
DA:77,36
DA:77,36
DA:78,36
DA:78,36
DA:79,36
DA:79,36
DA:86,36
DA:86,36
DA:87,36
DA:87,36
FN:90,Escrow.depositPayment
FNDA:32,Escrow.depositPayment
DA:97,31
DA:97,31
DA:98,31
DA:98,31
DA:99,31
DA:99,31
DA:99,31
BRDA:99,0,0,1
BRDA:99,0,1,16
DA:100,17
DA:100,17
BRDA:100,1,0,1
BRDA:100,1,1,16
DA:101,1
DA:101,1
DA:104,14
DA:104,14
BRDA:104,2,0,1
BRDA:104,2,1,13
DA:105,1
DA:105,1
DA:107,13
DA:107,13
DA:107,13
DA:108,13
DA:108,13
DA:108,13
DA:109,13
DA:109,13
BRDA:109,3,0,-
BRDA:109,3,1,13
DA:110,0
DA:110,0
DA:113,29
DA:113,29
FN:116,Escrow.confirmDelivery
FNDA:7,Escrow.confirmDelivery
DA:122,5
DA:122,5
DA:123,5
DA:123,5
DA:125,5
DA:125,5
DA:125,5
BRDA:125,4,0,1
BRDA:125,4,1,2
DA:126,3
DA:126,3
DA:126,3
DA:127,3
DA:127,3
BRDA:127,5,0,1
BRDA:127,5,1,2
DA:128,1
DA:128,1
DA:131,2
DA:131,2
DA:131,2
DA:132,2
DA:132,2
DA:132,2
DA:133,2
DA:133,2
BRDA:133,6,0,-
BRDA:133,6,1,2
DA:134,0
DA:134,0
DA:137,4
DA:137,4
FN:140,Escrow.raiseDispute
FNDA:18,Escrow.raiseDispute
DA:146,16
DA:146,16
FN:149,Escrow.resolveDispute
FNDA:12,Escrow.resolveDispute
DA:155,10
DA:155,10
DA:156,10
DA:156,10
DA:158,10
BRDA:158,7,0,-
BRDA:158,7,1,2
DA:159,5
DA:159,5
DA:159,5
BRDA:159,8,0,1
BRDA:159,8,1,2
DA:160,3
DA:160,3
DA:160,3
DA:161,3
DA:161,3
BRDA:161,9,0,1
BRDA:161,9,1,2
DA:162,1
DA:162,1
DA:165,2
DA:165,2
DA:165,2
DA:166,2
DA:166,2
DA:166,2
DA:167,2
DA:167,2
BRDA:167,10,0,-
BRDA:167,10,1,2
DA:168,0
DA:168,0
DA:172,5
DA:172,5
DA:172,5
BRDA:172,11,0,1
BRDA:172,11,1,2
DA:173,3
DA:173,3
DA:173,3
DA:174,3
DA:174,3
BRDA:174,12,0,1
BRDA:174,12,1,2
DA:175,1
DA:175,1
DA:178,2
DA:178,2
DA:178,2
DA:179,2
DA:179,2
DA:179,2
DA:180,2
DA:180,2
BRDA:180,13,0,-
BRDA:180,13,1,2
DA:181,0
DA:181,0
DA:185,8
DA:185,8
FNF:5
FNH:5
LF:49
LH:45
BRF:28
BRH:23
end_of_record
